d:\workspace\cpp\leetcode-cpp\remove_duplicates_from_sorted_array_ii\debug\remove_duplicates_from_sorted_array_ii.pch
d:\workspace\cpp\leetcode-cpp\remove_duplicates_from_sorted_array_ii\debug\vc120.pdb
d:\workspace\cpp\leetcode-cpp\remove_duplicates_from_sorted_array_ii\debug\vc120.idb
d:\workspace\cpp\leetcode-cpp\remove_duplicates_from_sorted_array_ii\debug\stdafx.obj
d:\workspace\cpp\leetcode-cpp\remove_duplicates_from_sorted_array_ii\debug\remove_duplicates_from_sorted_array_ii.obj
d:\workspace\cpp\leetcode-cpp\debug\remove_duplicates_from_sorted_array_ii.ilk
d:\workspace\cpp\leetcode-cpp\debug\remove_duplicates_from_sorted_array_ii.exe
d:\workspace\cpp\leetcode-cpp\debug\remove_duplicates_from_sorted_array_ii.pdb
e:\workspace\leetcode\leetcode-cpp\remove_duplicates_from_sorted_array_ii\debug\remove_duplicates_from_sorted_array_ii.obj
e:\workspace\leetcode\leetcode-cpp\remove_duplicates_from_sorted_array_ii\debug\stdafx.obj
e:\workspace\leetcode\leetcode-cpp\remove_duplicates_from_sorted_array_ii\debug\remove_duplicates_from_sorted_array_ii.pch
e:\workspace\leetcode\leetcode-cpp\remove_duplicates_from_sorted_array_ii\debug\vc120.idb
e:\workspace\leetcode\leetcode-cpp\remove_duplicates_from_sorted_array_ii\debug\vc120.pdb
e:\workspace\leetcode\leetcode-cpp\debug\remove_duplicates_from_sorted_array_ii.pdb
e:\workspace\leetcode\leetcode-cpp\debug\remove_duplicates_from_sorted_array_ii.exe
e:\workspace\leetcode\leetcode-cpp\debug\remove_duplicates_from_sorted_array_ii.ilk
e:\workspace\leetcode\leetcode-cpp\remove_duplicates_from_sorted_array_ii\debug\remove_d.f6cad728.tlog\cl.command.1.tlog
e:\workspace\leetcode\leetcode-cpp\remove_duplicates_from_sorted_array_ii\debug\remove_d.f6cad728.tlog\cl.read.1.tlog
e:\workspace\leetcode\leetcode-cpp\remove_duplicates_from_sorted_array_ii\debug\remove_d.f6cad728.tlog\cl.write.1.tlog
e:\workspace\leetcode\leetcode-cpp\remove_duplicates_from_sorted_array_ii\debug\remove_d.f6cad728.tlog\link.command.1.tlog
e:\workspace\leetcode\leetcode-cpp\remove_duplicates_from_sorted_array_ii\debug\remove_d.f6cad728.tlog\link.read.1.tlog
e:\workspace\leetcode\leetcode-cpp\remove_duplicates_from_sorted_array_ii\debug\remove_d.f6cad728.tlog\link.write.1.tlog
